<?xml version="1.0" encoding="utf-8"?>
<coverage line-rate="0.5839" branch-rate="0.4292" version="1.9" timestamp="1781812318" lines-covered="1304" lines-valid="2233" branches-covered="170" branches-valid="396">
  <sources>
    <source>C:\SVRN7\repos\SVRN7\src\</source>
  </sources>
  <packages>
    <package name="Svrn7.Core" line-rate="0.41090000000000004" branch-rate="0" complexity="266">
      <classes>
        <class name="Svrn7.Core.Svrn7Constants" filename="Svrn7.Core\Svrn7Constants.cs" line-rate="1" branch-rate="1" complexity="1">
          <methods>
            <method name=".cctor" signature="()" line-rate="1" branch-rate="1" complexity="1">
              <lines>
                <line number="22" hits="1" branch="False" />
                <line number="23" hits="1" branch="False" />
                <line number="60" hits="1" branch="False" />
                <line number="61" hits="1" branch="False" />
                <line number="62" hits="1" branch="False" />
                <line number="63" hits="1" branch="False" />
                <line number="64" hits="1" branch="False" />
                <line number="65" hits="1" branch="False" />
                <line number="66" hits="1" branch="False" />
                <line number="67" hits="1" branch="False" />
                <line number="68" hits="1" branch="False" />
                <line number="69" hits="1" branch="False" />
                <line number="70" hits="1" branch="False" />
                <line number="71" hits="1" branch="False" />
                <line number="72" hits="1" branch="False" />
                <line number="73" hits="1" branch="False" />
                <line number="76" hits="1" branch="False" />
                <line number="79" hits="1" branch="False" />
                <line number="82" hits="1" branch="False" />
                <line number="85" hits="1" branch="False" />
                <line number="88" hits="1" branch="False" />
                <line number="102" hits="1" branch="False" />
                <line number="103" hits="1" branch="False" />
              </lines>
            </method>
          </methods>
          <lines>
            <line number="22" hits="1" branch="False" />
            <line number="23" hits="1" branch="False" />
            <line number="60" hits="1" branch="False" />
            <line number="61" hits="1" branch="False" />
            <line number="62" hits="1" branch="False" />
            <line number="63" hits="1" branch="False" />
            <line number="64" hits="1" branch="False" />
            <line number="65" hits="1" branch="False" />
            <line number="66" hits="1" branch="False" />
            <line number="67" hits="1" branch="False" />
            <line number="68" hits="1" branch="False" />
            <line number="69" hits="1" branch="False" />
            <line number="70" hits="1" branch="False" />
            <line number="71" hits="1" branch="False" />
            <line number="72" hits="1" branch="False" />
            <line number="73" hits="1" branch="False" />
            <line number="76" hits="1" branch="False" />
            <line number="79" hits="1" branch="False" />
            <line number="82" hits="1" branch="False" />
            <line number="85" hits="1" branch="False" />
            <line number="88" hits="1" branch="False" />
            <line number="102" hits="1" branch="False" />
            <line number="103" hits="1" branch="False" />
          </lines>
        </class>
        <class name="Svrn7.Core.TdaResourceId" filename="Svrn7.Core\Svrn7Constants.cs" line-rate="0.0416" branch-rate="0" complexity="22">
          <methods>
            <method name="Build" signature="(System.String,System.String,System.String,System.String)" line-rate="0" branch-rate="1" complexity="1">
              <lines>
                <line number="160" hits="0" branch="False" />
              </lines>
            </method>
            <method name="InboxMessage" signature="(System.String,System.String)" line-rate="0" branch-rate="1" complexity="1">
              <lines>
                <line number="163" hits="0" branch="False" />
              </lines>
            </method>
            <method name="ProcessedOrder" signature="(System.String,System.String)" line-rate="0" branch-rate="1" complexity="1">
              <lines>
                <line number="167" hits="0" branch="False" />
              </lines>
            </method>
            <method name="Citizen" signature="(System.String,System.String)" line-rate="0" branch-rate="1" complexity="1">
              <lines>
                <line number="171" hits="0" branch="False" />
              </lines>
            </method>
            <method name="Wallet" signature="(System.String,System.String)" line-rate="0" branch-rate="1" complexity="1">
              <lines>
                <line number="175" hits="0" branch="False" />
              </lines>
            </method>
            <method name="Society" signature="(System.String,System.String)" line-rate="0" branch-rate="1" complexity="1">
              <lines>
                <line number="179" hits="0" branch="False" />
              </lines>
            </method>
            <method name="Membership" signature="(System.String,System.String)" line-rate="0" branch-rate="1" complexity="1">
              <lines>
                <line number="183" hits="0" branch="False" />
              </lines>
            </method>
            <method name="Utxo" signature="(System.String,System.String)" line-rate="0" branch-rate="1" complexity="1">
              <lines>
                <line number="187" hits="0" branch="False" />
              </lines>
            </method>
            <method name="LogEntry" signature="(System.String,System.String)" line-rate="0" branch-rate="1" complexity="1">
              <lines>
                <line number="191" hits="0" branch="False" />
              </lines>
            </method>
            <method name="TreeHead" signature="(System.String,System.String)" line-rate="0" branch-rate="1" complexity="1">
              <lines>
                <line number="195" hits="0" branch="False" />
              </lines>
            </method>
            <method name="DidDocument" signature="(System.String,System.String)" line-rate="0" branch-rate="1" complexity="1">
              <lines>
                <line number="199" hits="0" branch="False" />
              </lines>
            </method>
            <method name="Vc" signature="(System.String,System.String)" line-rate="0" branch-rate="1" complexity="1">
              <lines>
                <line number="203" hits="0" branch="False" />
              </lines>
            </method>
            <method name="Schema" signature="(System.String,System.String)" line-rate="0" branch-rate="1" complexity="1">
              <lines>
                <line number="207" hits="0" branch="False" />
              </lines>
            </method>
            <method name="DIDCommMessage" signature="(System.String)" line-rate="1" branch-rate="1" complexity="1">
              <lines>
                <line number="215" hits="3" branch="False" />
              </lines>
            </method>
            <method name="ParseNetworkId" signature="(System.String)" line-rate="0" branch-rate="0" complexity="4">
              <lines>
                <line number="224" hits="0" branch="False" />
                <line number="225" hits="0" branch="True" condition-coverage="0% (0/2)">
                  <conditions>
                    <condition number="18" type="jump" coverage="0%" />
                  </conditions>
                </line>
                <line number="226" hits="0" branch="False" />
                <line number="227" hits="0" branch="True" condition-coverage="0% (0/2)">
                  <conditions>
                    <condition number="35" type="jump" coverage="0%" />
                  </conditions>
                </line>
                <line number="228" hits="0" branch="False" />
              </lines>
            </method>
            <method name="ParseKey" signature="(System.String)" line-rate="0" branch-rate="0" complexity="2">
              <lines>
                <line number="235" hits="0" branch="False" />
                <line number="236" hits="0" branch="False" />
                <line number="237" hits="0" branch="True" condition-coverage="0% (0/2)">
                  <conditions>
                    <condition number="12" type="jump" coverage="0%" />
                  </conditions>
                </line>
                <line number="238" hits="0" branch="False" />
              </lines>
            </method>
            <method name="NetworkIdFromDid" signature="(System.String)" line-rate="0" branch-rate="0" complexity="2">
              <lines>
                <line number="245" hits="0" branch="True" condition-coverage="0% (0/2)">
                  <conditions>
                    <condition number="12" type="jump" coverage="0%" />
                  </conditions>
                </line>
              </lines>
            </method>
          </methods>
          <lines>
            <line number="160" hits="0" branch="False" />
            <line number="163" hits="0" branch="False" />
            <line number="167" hits="0" branch="False" />
            <line number="171" hits="0" branch="False" />
            <line number="175" hits="0" branch="False" />
            <line number="179" hits="0" branch="False" />
            <line number="183" hits="0" branch="False" />
            <line number="187" hits="0" branch="False" />
            <line number="191" hits="0" branch="False" />
            <line number="195" hits="0" branch="False" />
            <line number="199" hits="0" branch="False" />
            <line number="203" hits="0" branch="False" />
            <line number="207" hits="0" branch="False" />
            <line number="215" hits="3" branch="False" />
            <line number="224" hits="0" branch="False" />
            <line number="225" hits="0" branch="True" condition-coverage="0% (0/2)">
              <conditions>
                <condition number="18" type="jump" coverage="0%" />
              </conditions>
            </line>
            <line number="226" hits="0" branch="False" />
            <line number="227" hits="0" branch="True" condition-coverage="0% (0/2)">
              <conditions>
                <condition number="35" type="jump" coverage="0%" />
              </conditions>
            </line>
            <line number="228" hits="0" branch="False" />
            <line number="235" hits="0" branch="False" />
            <line number="236" hits="0" branch="False" />
            <line number="237" hits="0" branch="True" condition-coverage="0% (0/2)">
              <conditions>
                <condition number="12" type="jump" coverage="0%" />
              </conditions>
            </line>
            <line number="238" hits="0" branch="False" />
            <line number="245" hits="0" branch="True" condition-coverage="0% (0/2)">
              <conditions>
                <condition number="12" type="jump" coverage="0%" />
              </conditions>
            </line>
          </lines>
        </class>
        <class name="Svrn7.Core.Models.NonceRecord" filename="Svrn7.Core\Models.cs" line-rate="0" branch-rate="1" complexity="3">
          <methods>
            <method name="get_Nonce" signature="()" line-rate="0" branch-rate="1" complexity="1">
              <lines>
                <line number="33" hits="0" branch="False" />
              </lines>
            </method>
            <method name="get_SeenAt" signature="()" line-rate="0" branch-rate="1" complexity="1">
              <lines>
                <line number="34" hits="0" branch="False" />
              </lines>
            </method>
            <method name="get_ExpiresAt" signature="()" line-rate="0" branch-rate="1" complexity="1">
              <lines>
                <line number="35" hits="0" branch="False" />
              </lines>
            </method>
          </methods>
          <lines>
            <line number="33" hits="0" branch="False" />
            <line number="34" hits="0" branch="False" />
            <line number="35" hits="0" branch="False" />
          </lines>
        </class>
        <class name="Svrn7.Core.Models.InboxMessage" filename="Svrn7.Core\Models.cs" line-rate="0" branch-rate="1" complexity="13">
          <methods>
            <method name="get_Id" signature="()" line-rate="0" branch-rate="1" complexity="1">
              <lines>
                <line number="52" hits="0" branch="False" />
              </lines>
            </method>
            <method name="get_MessageType" signature="()" line-rate="0" branch-rate="1" complexity="1">
              <lines>
                <line number="54" hits="0" branch="False" />
              </lines>
            </method>
            <method name="get_PackedPayload" signature="()" line-rate="0" branch-rate="1" complexity="1">
              <lines>
                <line number="55" hits="0" branch="False" />
              </lines>
            </method>
            <method name="get_JweEnvelope" signature="()" line-rate="0" branch-rate="1" complexity="1">
              <lines>
                <line number="56" hits="0" branch="False" />
              </lines>
            </method>
            <method name="get_FromDid" signature="()" line-rate="0" branch-rate="1" complexity="1">
              <lines>
                <line number="57" hits="0" branch="False" />
              </lines>
            </method>
            <method name="get_WireId" signature="()" line-rate="0" branch-rate="1" complexity="1">
              <lines>
                <line number="58" hits="0" branch="False" />
              </lines>
            </method>
            <method name="get_ReceivedAt" signature="()" line-rate="0" branch-rate="1" complexity="1">
              <lines>
                <line number="59" hits="0" branch="False" />
              </lines>
            </method>
            <method name="get_Status" signature="()" line-rate="0" branch-rate="1" complexity="1">
              <lines>
                <line number="60" hits="0" branch="False" />
              </lines>
            </method>
            <method name="get_ProcessedAt" signature="()" line-rate="0" branch-rate="1" complexity="1">
              <lines>
                <line number="61" hits="0" branch="False" />
              </lines>
            </method>
            <method name="get_LastError" signature="()" line-rate="0" branch-rate="1" complexity="1">
              <lines>
                <line number="62" hits="0" branch="False" />
              </lines>
            </method>
            <method name="get_AttemptCount" signature="()" line-rate="0" branch-rate="1" complexity="1">
              <lines>
                <line number="63" hits="0" branch="False" />
              </lines>
            </method>
            <method name="ToFormattedJson" signature="()" line-rate="0" branch-rate="1" complexity="1">
              <lines>
                <line number="68" hits="0" branch="False" />
                <line number="70" hits="0" branch="False" />
                <line number="71" hits="0" branch="False" />
                <line number="73" hits="0" branch="False" />
                <line number="74" hits="0" branch="False" />
                <line number="75" hits="0" branch="False" />
                <line number="76" hits="0" branch="False" />
                <line number="77" hits="0" branch="False" />
                <line number="78" hits="0" branch="False" />
                <line number="79" hits="0" branch="False" />
                <line number="80" hits="0" branch="False" />
                <line number="81" hits="0" branch="False" />
                <line number="82" hits="0" branch="False" />
                <line number="83" hits="0" branch="False" />
                <line number="84" hits="0" branch="False" />
                <line number="85" hits="0" branch="False" />
                <line number="86" hits="0" branch="False" />
                <line number="87" hits="0" branch="False" />
              </lines>
            </method>
            <method name=".cctor" signature="()" line-rate="0" branch-rate="1" complexity="1">
              <lines>
                <line number="65" hits="0" branch="False" />
              </lines>
            </method>
          </methods>
          <lines>
            <line number="52" hits="0" branch="False" />
            <line number="54" hits="0" branch="False" />
            <line number="55" hits="0" branch="False" />
            <line number="56" hits="0" branch="False" />
            <line number="57" hits="0" branch="False" />
            <line number="58" hits="0" branch="False" />
            <line number="59" hits="0" branch="False" />
            <line number="60" hits="0" branch="False" />
            <line number="61" hits="0" branch="False" />
            <line number="62" hits="0" branch="False" />
            <line number="63" hits="0" branch="False" />
            <line number="68" hits="0" branch="False" />
            <line number="70" hits="0" branch="False" />
            <line number="71" hits="0" branch="False" />
            <line number="73" hits="0" branch="False" />
            <line number="74" hits="0" branch="False" />
            <line number="75" hits="0" branch="False" />
            <line number="76" hits="0" branch="False" />
            <line number="77" hits="0" branch="False" />
            <line number="78" hits="0" branch="False" />
            <line number="79" hits="0" branch="False" />
            <line number="80" hits="0" branch="False" />
            <line number="81" hits="0" branch="False" />
            <line number="82" hits="0" branch="False" />
            <line number="83" hits="0" branch="False" />
            <line number="84" hits="0" branch="False" />
            <line number="85" hits="0" branch="False" />
            <line number="86" hits="0" branch="False" />
            <line number="87" hits="0" branch="False" />
            <line number="65" hits="0" branch="False" />
          </lines>
        </class>
        <class name="Svrn7.Core.Models.ProcessedOrderRecord" filename="Svrn7.Core\Models.cs" line-rate="0" branch-rate="1" complexity="3">
          <methods>
            <method name="get_TransferId" signature="()" line-rate="0" branch-rate="1" complexity="1">
              <lines>
                <line number="98" hits="0" branch="False" />
              </lines>
            </method>
            <method name="get_PackedReceipt" signature="()" line-rate="0" branch-rate="1" complexity="1">
              <lines>
                <line number="99" hits="0" branch="False" />
              </lines>
            </method>
            <method name="get_ProcessedAt" signature="()" line-rate="0" branch-rate="1" complexity="1">
              <lines>
                <line number="100" hits="0" branch="False" />
              </lines>
            </method>
          </methods>
          <lines>
            <line number="98" hits="0" branch="False" />
            <line number="99" hits="0" branch="False" />
            <line number="100" hits="0" branch="False" />
          </lines>
        </class>
        <class name="Svrn7.Core.Models.Wallet" filename="Svrn7.Core\Models.cs" line-rate="1" branch-rate="1" complexity="4">
          <methods>
            <method name="get_Did" signature="()" line-rate="1" branch-rate="1" complexity="1">
              <lines>
                <line number="105" hits="88" branch="False" />
              </lines>
            </method>
            <method name="get_BalanceGrana" signature="()" line-rate="1" branch-rate="1" complexity="1">
              <lines>
                <line number="106" hits="88" branch="False" />
              </lines>
            </method>
            <method name="get_IsRestricted" signature="()" line-rate="1" branch-rate="1" complexity="1">
              <lines>
                <line number="107" hits="132" branch="False" />
              </lines>
            </method>
            <method name="get_CreatedAt" signature="()" line-rate="1" branch-rate="1" complexity="1">
              <lines>
                <line number="108" hits="88" branch="False" />
              </lines>
            </method>
          </methods>
          <lines>
            <line number="105" hits="88" branch="False" />
            <line number="106" hits="88" branch="False" />
            <line number="107" hits="132" branch="False" />
            <line number="108" hits="88" branch="False" />
          </lines>
        </class>
        <class name="Svrn7.Core.Models.Utxo" filename="Svrn7.Core\Models.cs" line-rate="1" branch-rate="1" complexity="7">
          <methods>
            <method name="get_Id" signature="()" line-rate="1" branch-rate="1" complexity="1">
              <lines>
                <line number="117" hits="129" branch="False" />
              </lines>
            </method>
            <method name="get_OwnerDid" signature="()" line-rate="1" branch-rate="1" complexity="1">
              <lines>
                <line number="118" hits="125" branch="False" />
              </lines>
            </method>
            <method name="get_AmountGrana" signature="()" line-rate="1" branch-rate="1" complexity="1">
              <lines>
                <line number="119" hits="142" branch="False" />
              </lines>
            </method>
            <method name="get_IsSpent" signature="()" line-rate="1" branch-rate="1" complexity="1">
              <lines>
                <line number="120" hits="83" branch="False" />
              </lines>
            </method>
            <method name="get_SpentByTxId" signature="()" line-rate="1" branch-rate="1" complexity="1">
              <lines>
                <line number="121" hits="58" branch="False" />
              </lines>
            </method>
            <method name="get_CreatedAt" signature="()" line-rate="1" branch-rate="1" complexity="1">
              <lines>
                <line number="122" hits="146" branch="False" />
              </lines>
            </method>
            <method name="get_SpentAt" signature="()" line-rate="1" branch-rate="1" complexity="1">
              <lines>
                <line number="123" hits="58" branch="False" />
              </lines>
            </method>
          </methods>
          <lines>
            <line number="117" hits="129" branch="False" />
            <line number="118" hits="125" branch="False" />
            <line number="119" hits="142" branch="False" />
            <line number="120" hits="83" branch="False" />
            <line number="121" hits="58" branch="False" />
            <line number="122" hits="146" branch="False" />
            <line number="123" hits="58" branch="False" />
          </lines>
        </class>
        <class name="Svrn7.Core.Models.BalanceResult" filename="Svrn7.Core\Models.cs" line-rate="1" branch-rate="1" complexity="1">
          <methods>
            <method name="get_Grana" signature="()" line-rate="1" branch-rate="1" complexity="1">
              <lines>
                <line number="127" hits="3" branch="False" />
              </lines>
            </method>
          </methods>
          <lines>
            <line number="127" hits="3" branch="False" />
          </lines>
        </class>
        <class name="Svrn7.Core.Models.CitizenRecord" filename="Svrn7.Core\Models.cs" line-rate="1" branch-rate="1" complexity="5">
          <methods>
            <method name="get_Did" signature="()" line-rate="1" branch-rate="1" complexity="1">
              <lines>
                <line number="137" hits="137" branch="False" />
              </lines>
            </method>
            <method name="get_PublicKeyHex" signature="()" line-rate="1" branch-rate="1" complexity="1">
              <lines>
                <line number="138" hits="145" branch="False" />
              </lines>
            </method>
            <method name="get_EncryptedPrivateKeyBase64" signature="()" line-rate="1" branch-rate="1" complexity="1">
              <lines>
                <line number="139" hits="138" branch="False" />
              </lines>
            </method>
            <method name="get_IsActive" signature="()" line-rate="1" branch-rate="1" complexity="1">
              <lines>
                <line number="140" hits="203" branch="False" />
              </lines>
            </method>
            <method name="get_RegisteredAt" signature="()" line-rate="1" branch-rate="1" complexity="1">
              <lines>
                <line number="141" hits="189" branch="False" />
              </lines>
            </method>
          </methods>
          <lines>
            <line number="137" hits="137" branch="False" />
            <line number="138" hits="145" branch="False" />
            <line number="139" hits="138" branch="False" />
            <line number="140" hits="203" branch="False" />
            <line number="141" hits="189" branch="False" />
          </lines>
        </class>
        <class name="Svrn7.Core.Models.CitizenDidRecord" filename="Svrn7.Core\Models.cs" line-rate="1" branch-rate="1" complexity="5">
          <methods>
            <method name="get_CitizenPrimaryDid" signature="()" line-rate="1" branch-rate="1" complexity="1">
              <lines>
                <line number="150" hits="105" branch="False" />
              </lines>
            </method>
            <method name="get_Did" signature="()" line-rate="1" branch-rate="1" complexity="1">
              <lines>
                <line number="151" hits="91" branch="False" />
              </lines>
            </method>
            <method name="get_MethodName" signature="()" line-rate="1" branch-rate="1" complexity="1">
              <lines>
                <line number="152" hits="90" branch="False" />
              </lines>
            </method>
            <method name="get_IsPrimary" signature="()" line-rate="1" branch-rate="1" complexity="1">
              <lines>
                <line number="153" hits="91" branch="False" />
              </lines>
            </method>
            <method name="get_IssuedAt" signature="()" line-rate="1" branch-rate="1" complexity="1">
              <lines>
                <line number="154" hits="106" branch="False" />
              </lines>
            </method>
          </methods>
          <lines>
            <line number="150" hits="105" branch="False" />
            <line number="151" hits="91" branch="False" />
            <line number="152" hits="90" branch="False" />
            <line number="153" hits="91" branch="False" />
            <line number="154" hits="106" branch="False" />
          </lines>
        </class>
        <class name="Svrn7.Core.Models.SocietyRecord" filename="Svrn7.Core\Models.cs" line-rate="1" branch-rate="1" complexity="5">
          <methods>
            <method name="get_Did" signature="()" line-rate="1" branch-rate="1" complexity="1">
              <lines>
                <line number="162" hits="42" branch="False" />
              </lines>
            </method>
            <method name="get_PublicKeyHex" signature="()" line-rate="1" branch-rate="1" complexity="1">
              <lines>
                <line number="163" hits="42" branch="False" />
              </lines>
            </method>
            <method name="get_SocietyName" signature="()" line-rate="1" branch-rate="1" complexity="1">
              <lines>
                <line number="164" hits="56" branch="False" />
              </lines>
            </method>
            <method name="get_IsActive" signature="()" line-rate="1" branch-rate="1" complexity="1">
              <lines>
                <line number="165" hits="67" branch="False" />
              </lines>
            </method>
            <method name="get_RegisteredAt" signature="()" line-rate="1" branch-rate="1" complexity="1">
              <lines>
                <line number="166" hits="58" branch="False" />
              </lines>
            </method>
          </methods>
          <lines>
            <line number="162" hits="42" branch="False" />
            <line number="163" hits="42" branch="False" />
            <line number="164" hits="56" branch="False" />
            <line number="165" hits="67" branch="False" />
            <line number="166" hits="58" branch="False" />
          </lines>
        </class>
        <class name="Svrn7.Core.Models.FederationRecord" filename="Svrn7.Core\Models.cs" line-rate="0" branch-rate="1" complexity="7">
          <methods>
            <method name="get_Did" signature="()" line-rate="0" branch-rate="1" complexity="1">
              <lines>
                <line number="175" hits="0" branch="False" />
              </lines>
            </method>
            <method name="get_PublicKeyHex" signature="()" line-rate="0" branch-rate="1" complexity="1">
              <lines>
                <line number="176" hits="0" branch="False" />
              </lines>
            </method>
            <method name="get_FederationName" signature="()" line-rate="0" branch-rate="1" complexity="1">
              <lines>
                <line number="177" hits="0" branch="False" />
              </lines>
            </method>
            <method name="get_TotalSupplyGrana" signature="()" line-rate="0" branch-rate="1" complexity="1">
              <lines>
                <line number="178" hits="0" branch="False" />
              </lines>
            </method>
            <method name="get_EndowmentPerSocietyGrana" signature="()" line-rate="0" branch-rate="1" complexity="1">
              <lines>
                <line number="179" hits="0" branch="False" />
              </lines>
            </method>
            <method name="get_IsActive" signature="()" line-rate="0" branch-rate="1" complexity="1">
              <lines>
                <line number="180" hits="0" branch="False" />
              </lines>
            </method>
            <method name="get_CreatedAt" signature="()" line-rate="0" branch-rate="1" complexity="1">
              <lines>
                <line number="181" hits="0" branch="False" />
              </lines>
            </method>
          </methods>
          <lines>
            <line number="175" hits="0" branch="False" />
            <line number="176" hits="0" branch="False" />
            <line number="177" hits="0" branch="False" />
            <line number="178" hits="0" branch="False" />
            <line number="179" hits="0" branch="False" />
            <line number="180" hits="0" branch="False" />
            <line number="181" hits="0" branch="False" />
          </lines>
        </class>
        <class name="Svrn7.Core.Models.SocietyMembershipRecord" filename="Svrn7.Core\Models.cs" line-rate="0" branch-rate="1" complexity="3">
          <methods>
            <method name="get_CitizenPrimaryDid" signature="()" line-rate="0" branch-rate="1" complexity="1">
              <lines>
                <line number="189" hits="0" branch="False" />
              </lines>
            </method>
            <method name="get_SocietyDid" signature="()" line-rate="0" branch-rate="1" complexity="1">
              <lines>
                <line number="190" hits="0" branch="False" />
              </lines>
            </method>
            <method name="get_JoinedAt" signature="()" line-rate="0" branch-rate="1" complexity="1">
              <lines>
                <line number="191" hits="0" branch="False" />
              </lines>
            </method>
          </methods>
          <lines>
            <line number="189" hits="0" branch="False" />
            <line number="190" hits="0" branch="False" />
            <line number="191" hits="0" branch="False" />
          </lines>
        </class>
        <class name="Svrn7.Core.Models.SocietyOverdraftRecord" filename="Svrn7.Core\Models.cs" line-rate="0" branch-rate="1" complexity="9">
          <methods>
            <method name="get_SocietyDid" signature="()" line-rate="0" branch-rate="1" complexity="1">
              <lines>
                <line number="201" hits="0" branch="False" />
              </lines>
            </method>
            <method name="get_DrawAmountGrana" signature="()" line-rate="0" branch-rate="1" complexity="1">
              <lines>
                <line number="202" hits="0" branch="False" />
              </lines>
            </method>
            <method name="get_OverdraftCeilingGrana" signature="()" line-rate="0" branch-rate="1" complexity="1">
              <lines>
                <line number="203" hits="0" branch="False" />
              </lines>
            </method>
            <method name="get_TotalOverdrawnGrana" signature="()" line-rate="0" branch-rate="1" complexity="1">
              <lines>
                <line number="204" hits="0" branch="False" />
              </lines>
            </method>
            <method name="get_LifetimeDrawsGrana" signature="()" line-rate="0" branch-rate="1" complexity="1">
              <lines>
                <line number="205" hits="0" branch="False" />
              </lines>
            </method>
            <method name="get_DrawCount" signature="()" line-rate="0" branch-rate="1" complexity="1">
              <lines>
                <line number="206" hits="0" branch="False" />
              </lines>
            </method>
            <method name="get_Status" signature="()" line-rate="0" branch-rate="1" complexity="1">
              <lines>
                <line number="207" hits="0" branch="False" />
              </lines>
            </method>
            <method name="get_LastDrawAt" signature="()" line-rate="0" branch-rate="1" complexity="1">
              <lines>
                <line number="208" hits="0" branch="False" />
              </lines>
            </method>
            <method name="get_LastCoveredAt" signature="()" line-rate="0" branch-rate="1" complexity="1">
              <lines>
                <line number="209" hits="0" branch="False" />
              </lines>
            </method>
          </methods>
          <lines>
            <line number="201" hits="0" branch="False" />
            <line number="202" hits="0" branch="False" />
            <line number="203" hits="0" branch="False" />
            <line number="204" hits="0" branch="False" />
            <line number="205" hits="0" branch="False" />
            <line number="206" hits="0" branch="False" />
            <line number="207" hits="0" branch="False" />
            <line number="208" hits="0" branch="False" />
            <line number="209" hits="0" branch="False" />
          </lines>
        </class>
        <class name="Svrn7.Core.Models.DidVerificationMethod" filename="Svrn7.Core\Models.cs" line-rate="1" branch-rate="1" complexity="5">
          <methods>
            <method name="get_Id" signature="()" line-rate="1" branch-rate="1" complexity="1">
              <lines>
                <line number="217" hits="196" branch="False" />
              </lines>
            </method>
            <method name="get_Type" signature="()" line-rate="1" branch-rate="1" complexity="1">
              <lines>
                <line number="218" hits="196" branch="False" />
              </lines>
            </method>
            <method name="get_Controller" signature="()" line-rate="1" branch-rate="1" complexity="1">
              <lines>
                <line number="219" hits="196" branch="False" />
              </lines>
            </method>
            <method name="get_PublicKeyHex" signature="()" line-rate="1" branch-rate="1" complexity="1">
              <lines>
                <line number="220" hits="241" branch="False" />
              </lines>
            </method>
            <method name="get_PublicKeyMultibase" signature="()" line-rate="1" branch-rate="1" complexity="1">
              <lines>
                <line number="221" hits="93" branch="False" />
              </lines>
            </method>
          </methods>
          <lines>
            <line number="217" hits="196" branch="False" />
            <line number="218" hits="196" branch="False" />
            <line number="219" hits="196" branch="False" />
            <line number="220" hits="241" branch="False" />
            <line number="221" hits="93" branch="False" />
          </lines>
        </class>
        <class name="Svrn7.Core.Models.DidServiceEndpoint" filename="Svrn7.Core\Models.cs" line-rate="0" branch-rate="1" complexity="3">
          <methods>
            <method name="get_Id" signature="()" line-rate="0" branch-rate="1" complexity="1">
              <lines>
                <line number="227" hits="0" branch="False" />
              </lines>
            </method>
            <method name="get_Type" signature="()" line-rate="0" branch-rate="1" complexity="1">
              <lines>
                <line number="228" hits="0" branch="False" />
              </lines>
            </method>
            <method name="get_ServiceEndpoint" signature="()" line-rate="0" branch-rate="1" complexity="1">
              <lines>
                <line number="229" hits="0" branch="False" />
              </lines>
            </method>
          </methods>
          <lines>
            <line number="227" hits="0" branch="False" />
            <line number="228" hits="0" branch="False" />
            <line number="229" hits="0" branch="False" />
          </lines>
        </class>
        <class name="Svrn7.Core.Models.DidProof" filename="Svrn7.Core\Models.cs" line-rate="0" branch-rate="1" complexity="5">
          <methods>
            <method name="get_Type" signature="()" line-rate="0" branch-rate="1" complexity="1">
              <lines>
                <line number="235" hits="0" branch="False" />
              </lines>
            </method>
            <method name="get_Created" signature="()" line-rate="0" branch-rate="1" complexity="1">
              <lines>
                <line number="236" hits="0" branch="False" />
              </lines>
            </method>
            <method name="get_VerificationMethod" signature="()" line-rate="0" branch-rate="1" complexity="1">
              <lines>
                <line number="237" hits="0" branch="False" />
              </lines>
            </method>
            <method name="get_ProofPurpose" signature="()" line-rate="0" branch-rate="1" complexity="1">
              <lines>
                <line number="238" hits="0" branch="False" />
              </lines>
            </method>
            <method name="get_ProofValue" signature="()" line-rate="0" branch-rate="1" complexity="1">
              <lines>
                <line number="239" hits="0" branch="False" />
              </lines>
            </method>
          </methods>
          <lines>
            <line number="235" hits="0" branch="False" />
            <line number="236" hits="0" branch="False" />
            <line number="237" hits="0" branch="False" />
            <line number="238" hits="0" branch="False" />
            <line number="239" hits="0" branch="False" />
          </lines>
        </class>
        <class name="Svrn7.Core.Models.DidDocument" filename="Svrn7.Core\Models.cs" line-rate="1" branch-rate="1" complexity="21">
          <methods>
            <method name="get_Id" signature="()" line-rate="1" branch-rate="1" complexity="1">
              <lines>
                <line number="249" hits="208" branch="False" />
              </lines>
            </method>
            <method name="get_Did" signature="()" line-rate="1" branch-rate="1" complexity="1">
              <lines>
                <line number="250" hits="337" branch="False" />
              </lines>
            </method>
            <method name="get_MethodName" signature="()" line-rate="1" branch-rate="1" complexity="1">
              <lines>
                <line number="251" hits="159" branch="False" />
              </lines>
            </method>
            <method name="get_Controller" signature="()" line-rate="1" branch-rate="1" complexity="1">
              <lines>
                <line number="252" hits="151" branch="False" />
              </lines>
            </method>
            <method name="get_AlsoKnownAs" signature="()" line-rate="1" branch-rate="1" complexity="1">
              <lines>
                <line number="253" hits="164" branch="False" />
              </lines>
            </method>
            <method name="get_VerificationMethod" signature="()" line-rate="1" branch-rate="1" complexity="1">
              <lines>
                <line number="254" hits="254" branch="False" />
              </lines>
            </method>
            <method name="get_Authentication" signature="()" line-rate="1" branch-rate="1" complexity="1">
              <lines>
                <line number="255" hits="209" branch="False" />
              </lines>
            </method>
            <method name="get_AssertionMethod" signature="()" line-rate="1" branch-rate="1" complexity="1">
              <lines>
                <line number="256" hits="209" branch="False" />
              </lines>
            </method>
            <method name="get_KeyAgreement" signature="()" line-rate="1" branch-rate="1" complexity="1">
              <lines>
                <line number="257" hits="164" branch="False" />
              </lines>
            </method>
            <method name="get_CapabilityInvocation" signature="()" line-rate="1" branch-rate="1" complexity="1">
              <lines>
                <line number="258" hits="164" branch="False" />
              </lines>
            </method>
            <method name="get_CapabilityDelegation" signature="()" line-rate="1" branch-rate="1" complexity="1">
              <lines>
                <line number="259" hits="164" branch="False" />
              </lines>
            </method>
            <method name="get_ServiceEndpoints" signature="()" line-rate="1" branch-rate="1" complexity="1">
              <lines>
                <line number="260" hits="164" branch="False" />
              </lines>
            </method>
            <method name="get_Proof" signature="()" line-rate="1" branch-rate="1" complexity="1">
              <lines>
                <line number="261" hits="93" branch="False" />
              </lines>
            </method>
            <method name="get_Role" signature="()" line-rate="1" branch-rate="1" complexity="1">
              <lines>
                <line number="266" hits="195" branch="False" />
              </lines>
            </method>
            <method name="get_Svrn7Name" signature="()" line-rate="1" branch-rate="1" complexity="1">
              <lines>
                <line number="268" hits="138" branch="False" />
              </lines>
            </method>
            <method name="get_Version" signature="()" line-rate="1" branch-rate="1" complexity="1">
              <lines>
                <line number="269" hits="196" branch="False" />
              </lines>
            </method>
            <method name="get_Status" signature="()" line-rate="1" branch-rate="1" complexity="1">
              <lines>
                <line number="270" hits="223" branch="False" />
              </lines>
            </method>
            <method name="get_DocumentJson" signature="()" line-rate="1" branch-rate="1" complexity="1">
              <lines>
                <line number="271" hits="239" branch="False" />
              </lines>
            </method>
            <method name="get_CreatedAt" signature="()" line-rate="1" branch-rate="1" complexity="1">
              <lines>
                <line number="272" hits="164" branch="False" />
              </lines>
            </method>
            <method name="get_UpdatedAt" signature="()" line-rate="1" branch-rate="1" complexity="1">
              <lines>
                <line number="273" hits="208" branch="False" />
              </lines>
            </method>
            <method name="get_DeactivatedAt" signature="()" line-rate="1" branch-rate="1" complexity="1">
              <lines>
                <line number="274" hits="97" branch="False" />
              </lines>
            </method>
          </methods>
          <lines>
            <line number="249" hits="208" branch="False" />
            <line number="250" hits="337" branch="False" />
            <line number="251" hits="159" branch="False" />
            <line number="252" hits="151" branch="False" />
            <line number="253" hits="164" branch="False" />
            <line number="254" hits="254" branch="False" />
            <line number="255" hits="209" branch="False" />
            <line number="256" hits="209" branch="False" />
            <line number="257" hits="164" branch="False" />
            <line number="258" hits="164" branch="False" />
            <line number="259" hits="164" branch="False" />
            <line number="260" hits="164" branch="False" />
            <line number="261" hits="93" branch="False" />
            <line number="266" hits="195" branch="False" />
            <line number="268" hits="138" branch="False" />
            <line number="269" hits="196" branch="False" />
            <line number="270" hits="223" branch="False" />
            <line number="271" hits="239" branch="False" />
            <line number="272" hits="164" branch="False" />
            <line number="273" hits="208" branch="False" />
            <line number="274" hits="97" branch="False" />
          </lines>
        </class>
        <class name="Svrn7.Core.Models.DidResolutionResult" filename="Svrn7.Core\Models.cs" line-rate="0.8" branch-rate="1" complexity="5">
          <methods>
            <method name="get_Document" signature="()" line-rate="1" branch-rate="1" complexity="1">
              <lines>
                <line number="280" hits="11" branch="False" />
              </lines>
            </method>
            <method name="get_Did" signature="()" line-rate="1" branch-rate="1" complexity="1">
              <lines>
                <line number="281" hits="6" branch="False" />
              </lines>
            </method>
            <method name="get_Found" signature="()" line-rate="1" branch-rate="1" complexity="1">
              <lines>
                <line number="282" hits="9" branch="False" />
              </lines>
            </method>
            <method name="get_ErrorCode" signature="()" line-rate="0" branch-rate="1" complexity="1">
              <lines>
                <line number="283" hits="0" branch="False" />
              </lines>
            </method>
            <method name="get_ResolvedAt" signature="()" line-rate="1" branch-rate="1" complexity="1">
              <lines>
                <line number="284" hits="6" branch="False" />
              </lines>
            </method>
          </methods>
          <lines>
            <line number="280" hits="11" branch="False" />
            <line number="281" hits="6" branch="False" />
            <line number="282" hits="9" branch="False" />
            <line number="283" hits="0" branch="False" />
            <line number="284" hits="6" branch="False" />
          </lines>
        </class>
        <class name="Svrn7.Core.Models.VcRecord" filename="Svrn7.Core\Models.cs" line-rate="1" branch-rate="1" complexity="11">
          <methods>
            <method name="get_VcId" signature="()" line-rate="1" branch-rate="1" complexity="1">
              <lines>
                <line number="296" hits="207" branch="False" />
              </lines>
            </method>
            <method name="get_IssuerDid" signature="()" line-rate="1" branch-rate="1" complexity="1">
              <lines>
                <line number="297" hits="115" branch="False" />
              </lines>
            </method>
            <method name="get_SubjectDid" signature="()" line-rate="1" branch-rate="1" complexity="1">
              <lines>
                <line number="298" hits="113" branch="False" />
              </lines>
            </method>
            <method name="get_Types" signature="()" line-rate="1" branch-rate="1" complexity="1">
              <lines>
                <line number="299" hits="115" branch="False" />
              </lines>
            </method>
            <method name="get_VcHash" signature="()" line-rate="1" branch-rate="1" complexity="1">
              <lines>
                <line number="300" hits="113" branch="False" />
              </lines>
            </method>
            <method name="get_JwtEncoded" signature="()" line-rate="1" branch-rate="1" complexity="1">
              <lines>
                <line number="301" hits="113" branch="False" />
              </lines>
            </method>
            <method name="get_Status" signature="()" line-rate="1" branch-rate="1" complexity="1">
              <lines>
                <line number="302" hits="156" branch="False" />
              </lines>
            </method>
            <method name="get_IssuedAt" signature="()" line-rate="1" branch-rate="1" complexity="1">
              <lines>
                <line number="303" hits="113" branch="False" />
              </lines>
            </method>
            <method name="get_ExpiresAt" signature="()" line-rate="1" branch-rate="1" complexity="1">
              <lines>
                <line number="304" hits="131" branch="False" />
              </lines>
            </method>
            <method name="get_RevokedAt" signature="()" line-rate="1" branch-rate="1" complexity="1">
              <lines>
                <line number="305" hits="54" branch="False" />
              </lines>
            </method>
            <method name="get_RevokedReason" signature="()" line-rate="1" branch-rate="1" complexity="1">
              <lines>
                <line number="306" hits="54" branch="False" />
              </lines>
            </method>
          </methods>
          <lines>
            <line number="296" hits="207" branch="False" />
            <line number="297" hits="115" branch="False" />
            <line number="298" hits="113" branch="False" />
            <line number="299" hits="115" branch="False" />
            <line number="300" hits="113" branch="False" />
            <line number="301" hits="113" branch="False" />
            <line number="302" hits="156" branch="False" />
            <line number="303" hits="113" branch="False" />
            <line number="304" hits="131" branch="False" />
            <line number="305" hits="54" branch="False" />
            <line number="306" hits="54" branch="False" />
          </lines>
        </class>
        <class name="Svrn7.Core.Models.RevocationEvent" filename="Svrn7.Core\Models.cs" line-rate="1" branch-rate="1" complexity="4">
          <methods>
            <method name="get_VcId" signature="()" line-rate="1" branch-rate="1" complexity="1">
              <lines>
                <line number="312" hits="4" branch="False" />
              </lines>
            </method>
            <method name="get_RevokedBy" signature="()" line-rate="1" branch-rate="1" complexity="1">
              <lines>
                <line number="313" hits="4" branch="False" />
              </lines>
            </method>
            <method name="get_Reason" signature="()" line-rate="1" branch-rate="1" complexity="1">
              <lines>
                <line number="314" hits="4" branch="False" />
              </lines>
            </method>
            <method name="get_RevokedAt" signature="()" line-rate="1" branch-rate="1" complexity="1">
              <lines>
                <line number="315" hits="4" branch="False" />
              </lines>
            </method>
          </methods>
          <lines>
            <line number="312" hits="4" branch="False" />
            <line number="313" hits="4" branch="False" />
            <line number="314" hits="4" branch="False" />
            <line number="315" hits="4" branch="False" />
          </lines>
        </class>
        <class name="Svrn7.Core.Models.VcResolutionResult" filename="Svrn7.Core\Models.cs" line-rate="0" branch-rate="1" complexity="5">
          <methods>
            <method name="get_Record" signature="()" line-rate="0" branch-rate="1" complexity="1">
              <lines>
                <line number="321" hits="0" branch="False" />
              </lines>
            </method>
            <method name="get_VcId" signature="()" line-rate="0" branch-rate="1" complexity="1">
              <lines>
                <line number="322" hits="0" branch="False" />
              </lines>
            </method>
            <method name="get_Found" signature="()" line-rate="0" branch-rate="1" complexity="1">
              <lines>
                <line number="323" hits="0" branch="False" />
              </lines>
            </method>
            <method name="get_CurrentStatus" signature="()" line-rate="0" branch-rate="1" complexity="1">
              <lines>
                <line number="324" hits="0" branch="False" />
              </lines>
            </method>
            <method name="get_ResolvedAt" signature="()" line-rate="0" branch-rate="1" complexity="1">
              <lines>
                <line number="325" hits="0" branch="False" />
              </lines>
            </method>
          </methods>
          <lines>
            <line number="321" hits="0" branch="False" />
            <line number="322" hits="0" branch="False" />
            <line number="323" hits="0" branch="False" />
            <line number="324" hits="0" branch="False" />
            <line number="325" hits="0" branch="False" />
          </lines>
        </class>
        <class name="Svrn7.Core.Models.LogEntry" filename="Svrn7.Core\Models.cs" line-rate="1" branch-rate="1" complexity="5">
          <methods>
            <method name="get_TxId" signature="()" line-rate="1" branch-rate="1" complexity="1">
              <lines>
                <line number="336" hits="103" branch="False" />
              </lines>
            </method>
            <method name="get_EntryType" signature="()" line-rate="1" branch-rate="1" complexity="1">
              <lines>
                <line number="337" hits="103" branch="False" />
              </lines>
            </method>
            <method name="get_PayloadJson" signature="()" line-rate="1" branch-rate="1" complexity="1">
              <lines>
                <line number="338" hits="103" branch="False" />
              </lines>
            </method>
            <method name="get_MerkleHash" signature="()" line-rate="1" branch-rate="1" complexity="1">
              <lines>
                <line number="339" hits="108" branch="False" />
              </lines>
            </method>
            <method name="get_CreatedAt" signature="()" line-rate="1" branch-rate="1" complexity="1">
              <lines>
                <line number="340" hits="113" branch="False" />
              </lines>
            </method>
          </methods>
          <lines>
            <line number="336" hits="103" branch="False" />
            <line number="337" hits="103" branch="False" />
            <line number="338" hits="103" branch="False" />
            <line number="339" hits="108" branch="False" />
            <line number="340" hits="113" branch="False" />
          </lines>
        </class>
        <class name="Svrn7.Core.Models.TreeHead" filename="Svrn7.Core\Models.cs" line-rate="1" branch-rate="1" complexity="4">
          <methods>
            <method name="get_RootHash" signature="()" line-rate="1" branch-rate="1" complexity="1">
              <lines>
                <line number="346" hits="3" branch="False" />
              </lines>
            </method>
            <method name="get_TreeSize" signature="()" line-rate="1" branch-rate="1" complexity="1">
              <lines>
                <line number="347" hits="3" branch="False" />
              </lines>
            </method>
            <method name="get_Signature" signature="()" line-rate="1" branch-rate="1" complexity="1">
              <lines>
                <line number="348" hits="3" branch="False" />
              </lines>
            </method>
            <method name="get_SignedAt" signature="()" line-rate="1" branch-rate="1" complexity="1">
              <lines>
                <line number="349" hits="2" branch="False" />
              </lines>
            </method>
          </methods>
          <lines>
            <line number="346" hits="3" branch="False" />
            <line number="347" hits="3" branch="False" />
            <line number="348" hits="3" branch="False" />
            <line number="349" hits="2" branch="False" />
          </lines>
        </class>
        <class name="Svrn7.Core.Models.TransferRequest" filename="Svrn7.Core\Models.cs" line-rate="1" branch-rate="1" complexity="7">
          <methods>
            <method name="get_PayerDid" signature="()" line-rate="1" branch-rate="1" complexity="1">
              <lines>
                <line number="357" hits="62" branch="False" />
              </lines>
            </method>
            <method name="get_PayeeDid" signature="()" line-rate="1" branch-rate="1" complexity="1">
              <lines>
                <line number="358" hits="66" branch="False" />
              </lines>
            </method>
            <method name="get_AmountGrana" signature="()" line-rate="1" branch-rate="1" complexity="1">
              <lines>
                <line number="359" hits="78" branch="False" />
              </lines>
            </method>
            <method name="get_Nonce" signature="()" line-rate="1" branch-rate="1" complexity="1">
              <lines>
                <line number="360" hits="54" branch="False" />
              </lines>
            </method>
            <method name="get_Timestamp" signature="()" line-rate="1" branch-rate="1" complexity="1">
              <lines>
                <line number="361" hits="36" branch="False" />
              </lines>
            </method>
            <method name="get_Signature" signature="()" line-rate="1" branch-rate="1" complexity="1">
              <lines>
                <line number="362" hits="42" branch="False" />
              </lines>
            </method>
            <method name="get_Memo" signature="()" line-rate="1" branch-rate="1" complexity="1">
              <lines>
                <line number="363" hits="33" branch="False" />
              </lines>
            </method>
          </methods>
          <lines>
            <line number="357" hits="62" branch="False" />
            <line number="358" hits="66" branch="False" />
            <line number="359" hits="78" branch="False" />
            <line number="360" hits="54" branch="False" />
            <line number="361" hits="36" branch="False" />
            <line number="362" hits="42" branch="False" />
            <line number="363" hits="33" branch="False" />
          </lines>
        </class>
        <class name="Svrn7.Core.Models.TransferOrderCredential" filename="Svrn7.Core\Models.cs" line-rate="0" branch-rate="1" complexity="10">
          <methods>
            <method name="get_TransferId" signature="()" line-rate="0" branch-rate="1" complexity="1">
              <lines>
                <line number="373" hits="0" branch="False" />
              </lines>
            </method>
            <method name="get_PayerDid" signature="()" line-rate="0" branch-rate="1" complexity="1">
              <lines>
                <line number="374" hits="0" branch="False" />
              </lines>
            </method>
            <method name="get_PayeeDid" signature="()" line-rate="0" branch-rate="1" complexity="1">
              <lines>
                <line number="375" hits="0" branch="False" />
              </lines>
            </method>
            <method name="get_AmountGrana" signature="()" line-rate="0" branch-rate="1" complexity="1">
              <lines>
                <line number="376" hits="0" branch="False" />
              </lines>
            </method>
            <method name="get_OriginSocietyDid" signature="()" line-rate="0" branch-rate="1" complexity="1">
              <lines>
                <line number="377" hits="0" branch="False" />
              </lines>
            </method>
            <method name="get_TargetSocietyDid" signature="()" line-rate="0" branch-rate="1" complexity="1">
              <lines>
                <line number="378" hits="0" branch="False" />
              </lines>
            </method>
            <method name="get_Epoch" signature="()" line-rate="0" branch-rate="1" complexity="1">
              <lines>
                <line number="379" hits="0" branch="False" />
              </lines>
            </method>
            <method name="get_Nonce" signature="()" line-rate="0" branch-rate="1" complexity="1">
              <lines>
                <line number="380" hits="0" branch="False" />
              </lines>
            </method>
            <method name="get_Timestamp" signature="()" line-rate="0" branch-rate="1" complexity="1">
              <lines>
                <line number="381" hits="0" branch="False" />
              </lines>
            </method>
            <method name="get_ExpiresAt" signature="()" line-rate="0" branch-rate="1" complexity="1">
              <lines>
                <line number="382" hits="0" branch="False" />
              </lines>
            </method>
          </methods>
          <lines>
            <line number="373" hits="0" branch="False" />
            <line number="374" hits="0" branch="False" />
            <line number="375" hits="0" branch="False" />
            <line number="376" hits="0" branch="False" />
            <line number="377" hits="0" branch="False" />
            <line number="378" hits="0" branch="False" />
            <line number="379" hits="0" branch="False" />
            <line number="380" hits="0" branch="False" />
            <line number="381" hits="0" branch="False" />
            <line number="382" hits="0" branch="False" />
          </lines>
        </class>
        <class name="Svrn7.Core.Models.TransferReceiptCredential" filename="Svrn7.Core\Models.cs" line-rate="0" branch-rate="1" complexity="5">
          <methods>
            <method name="get_TransferId" signature="()" line-rate="0" branch-rate="1" complexity="1">
              <lines>
                <line number="391" hits="0" branch="False" />
              </lines>
            </method>
            <method name="get_PayeeDid" signature="()" line-rate="0" branch-rate="1" complexity="1">
              <lines>
                <line number="392" hits="0" branch="False" />
              </lines>
            </method>
            <method name="get_CreditedGrana" signature="()" line-rate="0" branch-rate="1" complexity="1">
              <lines>
                <line number="393" hits="0" branch="False" />
              </lines>
            </method>
            <method name="get_TargetSocietyDid" signature="()" line-rate="0" branch-rate="1" complexity="1">
              <lines>
                <line number="394" hits="0" branch="False" />
              </lines>
            </method>
            <method name="get_CreditedAt" signature="()" line-rate="0" branch-rate="1" complexity="1">
              <lines>
                <line number="395" hits="0" branch="False" />
              </lines>
            </method>
          </methods>
          <lines>
            <line number="391" hits="0" branch="False" />
            <line number="392" hits="0" branch="False" />
            <line number="393" hits="0" branch="False" />
            <line number="394" hits="0" branch="False" />
            <line number="395" hits="0" branch="False" />
          </lines>
        </class>
        <class name="Svrn7.Core.Models.OverdraftDrawRequest" filename="Svrn7.Core\Models.cs" line-rate="0" branch-rate="1" complexity="5">
          <methods>
            <method name="get_SocietyDid" signature="()" line-rate="0" branch-rate="1" complexity="1">
              <lines>
                <line number="402" hits="0" branch="False" />
              </lines>
            </method>
            <method name="get_DrawAmountGrana" signature="()" line-rate="0" branch-rate="1" complexity="1">
              <lines>
                <line number="403" hits="0" branch="False" />
              </lines>
            </method>
            <method name="get_DrawCount" signature="()" line-rate="0" branch-rate="1" complexity="1">
              <lines>
                <line number="404" hits="0" branch="False" />
              </lines>
            </method>
            <method name="get_Reason" signature="()" line-rate="0" branch-rate="1" complexity="1">
              <lines>
                <line number="405" hits="0" branch="False" />
              </lines>
            </method>
            <method name="get_RequestedAt" signature="()" line-rate="0" branch-rate="1" complexity="1">
              <lines>
                <line number="406" hits="0" branch="False" />
              </lines>
            </method>
          </methods>
          <lines>
            <line number="402" hits="0" branch="False" />
            <line number="403" hits="0" branch="False" />
            <line number="404" hits="0" branch="False" />
            <line number="405" hits="0" branch="False" />
            <line number="406" hits="0" branch="False" />
          </lines>
        </class>
        <class name="Svrn7.Core.Models.OverdraftDrawReceipt" filename="Svrn7.Core\Models.cs" line-rate="0" branch-rate="1" complexity="4">
          <methods>
            <method name="get_SocietyDid" signature="()" line-rate="0" branch-rate="1" complexity="1">
              <lines>
                <line number="411" hits="0" branch="False" />
              </lines>
            </method>
            <method name="get_DrawAmountGrana" signature="()" line-rate="0" branch-rate="1" complexity="1">
              <lines>
                <line number="412" hits="0" branch="False" />
              </lines>
            </method>
            <method name="get_TransferId" signature="()" line-rate="0" branch-rate="1" complexity="1">
              <lines>
                <line number="413" hits="0" branch="False" />
              </lines>
            </method>
            <method name="get_ApprovedAt" signature="()" line-rate="0" branch-rate="1" complexity="1">
              <lines>
                <line number="414" hits="0" branch="False" />
              </lines>
            </method>
          </methods>
          <lines>
            <line number="411" hits="0" branch="False" />
            <line number="412" hits="0" branch="False" />
            <line number="413" hits="0" branch="False" />
            <line number="414" hits="0" branch="False" />
          </lines>
        </class>
        <class name="Svrn7.Core.Models.RegisterCitizenRequest" filename="Svrn7.Core\Models.cs" line-rate="1" branch-rate="1" complexity="2">
          <methods>
            <method name="get_DidDocument" signature="()" line-rate="1" branch-rate="1" complexity="1">
              <lines>
                <line number="421" hits="222" branch="False" />
              </lines>
            </method>
            <method name="get_PrivateKeyBytes" signature="()" line-rate="1" branch-rate="1" complexity="1">
              <lines>
                <line number="422" hits="111" branch="False" />
              </lines>
            </method>
          </methods>
          <lines>
            <line number="421" hits="222" branch="False" />
            <line number="422" hits="111" branch="False" />
          </lines>
        </class>
        <class name="Svrn7.Core.Models.RegisterCitizenInSocietyRequest" filename="Svrn7.Core\Models.cs" line-rate="0" branch-rate="1" complexity="4">
          <methods>
            <method name="get_DidDocument" signature="()" line-rate="0" branch-rate="1" complexity="1">
              <lines>
                <line number="431" hits="0" branch="False" />
              </lines>
            </method>
            <method name="get_PrivateKeyBytes" signature="()" line-rate="0" branch-rate="1" complexity="1">
              <lines>
                <line number="432" hits="0" branch="False" />
              </lines>
            </method>
            <method name="get_SocietyDid" signature="()" line-rate="0" branch-rate="1" complexity="1">
              <lines>
                <line number="433" hits="0" branch="False" />
              </lines>
            </method>
            <method name="get_PreferredMethodName" signature="()" line-rate="0" branch-rate="1" complexity="1">
              <lines>
                <line number="434" hits="0" branch="False" />
              </lines>
            </method>
          </methods>
          <lines>
            <line number="431" hits="0" branch="False" />
            <line number="432" hits="0" branch="False" />
            <line number="433" hits="0" branch="False" />
            <line number="434" hits="0" branch="False" />
          </lines>
        </class>
        <class name="Svrn7.Core.Models.RegisterSocietyRequest" filename="Svrn7.Core\Models.cs" line-rate="1" branch-rate="1" complexity="5">
          <methods>
            <method name="get_DidDocument" signature="()" line-rate="1" branch-rate="1" complexity="1">
              <lines>
                <line number="439" hits="63" branch="False" />
              </lines>
            </method>
            <method name="get_PrivateKeyBytes" signature="()" line-rate="1" branch-rate="1" complexity="1">
              <lines>
                <line number="440" hits="16" branch="False" />
              </lines>
            </method>
            <method name="get_SocietyName" signature="()" line-rate="1" branch-rate="1" complexity="1">
              <lines>
                <line number="441" hits="16" branch="False" />
              </lines>
            </method>
            <method name="get_DrawAmountGrana" signature="()" line-rate="1" branch-rate="1" complexity="1">
              <lines>
                <line number="442" hits="8" branch="False" />
              </lines>
            </method>
            <method name="get_OverdraftCeilingGrana" signature="()" line-rate="1" branch-rate="1" complexity="1">
              <lines>
                <line number="443" hits="8" branch="False" />
              </lines>
            </method>
          </methods>
          <lines>
            <line number="439" hits="63" branch="False" />
            <line number="440" hits="16" branch="False" />
            <line number="441" hits="16" branch="False" />
            <line number="442" hits="8" branch="False" />
            <line number="443" hits="8" branch="False" />
          </lines>
        </class>
        <class name="Svrn7.Core.Models.Svrn7KeyPair" filename="Svrn7.Core\Models.cs" line-rate="0.75" branch-rate="1" complexity="4">
          <methods>
            <method name="get_PublicKeyHex" signature="()" line-rate="1" branch-rate="1" complexity="1">
              <lines>
                <line number="450" hits="234" branch="False" />
              </lines>
            </method>
            <method name="get_PrivateKeyBytes" signature="()" line-rate="1" branch-rate="1" complexity="1">
              <lines>
                <line number="451" hits="208" branch="False" />
              </lines>
            </method>
            <method name="get_Algorithm" signature="()" line-rate="1" branch-rate="1" complexity="1">
              <lines>
                <line number="452" hits="107" branch="False" />
              </lines>
            </method>
            <method name="ZeroPrivateKey" signature="()" line-rate="0" branch-rate="1" complexity="1">
              <lines>
                <line number="454" hits="0" branch="False" />
              </lines>
            </method>
          </methods>
          <lines>
            <line number="450" hits="234" branch="False" />
            <line number="451" hits="208" branch="False" />
            <line number="452" hits="107" branch="False" />
            <line number="454" hits="0" branch="False" />
          </lines>
        </class>
        <class name="Svrn7.Core.Models.OperationResult" filename="Svrn7.Core\Models.cs" line-rate="1" branch-rate="1" complexity="5">
          <methods>
            <method name="get_Success" signature="()" line-rate="1" branch-rate="1" complexity="1">
              <lines>
                <line number="461" hits="103" branch="False" />
              </lines>
            </method>
            <method name="get_ErrorMessage" signature="()" line-rate="1" branch-rate="1" complexity="1">
              <lines>
                <line number="462" hits="36" branch="False" />
              </lines>
            </method>
            <method name="get_Payload" signature="()" line-rate="1" branch-rate="1" complexity="1">
              <lines>
                <line number="463" hits="56" branch="False" />
              </lines>
            </method>
            <method name="Ok" signature="(System.Object)" line-rate="1" branch-rate="1" complexity="1">
              <lines>
                <line number="466" hits="56" branch="False" />
              </lines>
            </method>
            <method name="Fail" signature="(System.String)" line-rate="1" branch-rate="1" complexity="1">
              <lines>
                <line number="469" hits="1" branch="False" />
              </lines>
            </method>
          </methods>
          <lines>
            <line number="461" hits="103" branch="False" />
            <line number="462" hits="36" branch="False" />
            <line number="463" hits="56" branch="False" />
            <line number="466" hits="56" branch="False" />
            <line number="469" hits="1" branch="False" />
          </lines>
        </class>
        <class name="Svrn7.Core.Models.OutboxRecord" filename="Svrn7.Core\Models.cs" line-rate="0" branch-rate="1" complexity="8">
          <methods>
            <method name="get_Id" signature="()" line-rate="0" branch-rate="1" complexity="1">
              <lines>
                <line number="480" hits="0" branch="False" />
              </lines>
            </method>
            <method name="get_PeerEndpoint" signature="()" line-rate="0" branch-rate="1" complexity="1">
              <lines>
                <line number="481" hits="0" branch="False" />
              </lines>
            </method>
            <method name="get_PackedMessage" signature="()" line-rate="0" branch-rate="1" complexity="1">
              <lines>
                <line number="482" hits="0" branch="False" />
              </lines>
            </method>
            <method name="get_MessageType" signature="()" line-rate="0" branch-rate="1" complexity="1">
              <lines>
                <line number="483" hits="0" branch="False" />
              </lines>
            </method>
            <method name="get_FailedAt" signature="()" line-rate="0" branch-rate="1" complexity="1">
              <lines>
                <line number="484" hits="0" branch="False" />
              </lines>
            </method>
            <method name="get_AttemptCount" signature="()" line-rate="0" branch-rate="1" complexity="1">
              <lines>
                <line number="485" hits="0" branch="False" />
              </lines>
            </method>
            <method name="get_LastError" signature="()" line-rate="0" branch-rate="1" complexity="1">
              <lines>
                <line number="486" hits="0" branch="False" />
              </lines>
            </method>
            <method name="get_IsRetried" signature="()" line-rate="0" branch-rate="1" complexity="1">
              <lines>
                <line number="487" hits="0" branch="False" />
              </lines>
            </method>
          </methods>
          <lines>
            <line number="480" hits="0" branch="False" />
            <line number="481" hits="0" branch="False" />
            <line number="482" hits="0" branch="False" />
            <line number="483" hits="0" branch="False" />
            <line number="484" hits="0" branch="False" />
            <line number="485" hits="0" branch="False" />
            <line number="486" hits="0" branch="False" />
            <line number="487" hits="0" branch="False" />
          </lines>
        </class>
        <class name="Svrn7.Core.Interfaces.CrossSocietyVcQueryResult" filename="Svrn7.Core\Interfaces.cs" line-rate="0" branch-rate="1" complexity="4">
          <methods>
            <method name="get_Records" signature="()" line-rate="0" branch-rate="1" complexity="1">
              <lines>
                <line number="216" hits="0" branch="False" />
              </lines>
            </method>
            <method name="get_RespondedSocieties" signature="()" line-rate="0" branch-rate="1" complexity="1">
              <lines>
                <line number="217" hits="0" branch="False" />
              </lines>
            </method>
            <method name="get_TimedOutSocieties" signature="()" line-rate="0" branch-rate="1" complexity="1">
              <lines>
                <line number="218" hits="0" branch="False" />
              </lines>
            </method>
            <method name="get_IsComplete" signature="()" line-rate="0" branch-rate="1" complexity="1">
              <lines>
                <line number="219" hits="0" branch="False" />
              </lines>
            </method>
          </methods>
          <lines>
            <line number="216" hits="0" branch="False" />
            <line number="217" hits="0" branch="False" />
            <line number="218" hits="0" branch="False" />
            <line number="219" hits="0" branch="False" />
          </lines>
        </class>
        <class name="Svrn7.Core.Exceptions.Svrn7Exception" filename="Svrn7.Core\Exceptions.cs" line-rate="0.5" branch-rate="1" complexity="2">
          <methods>
            <method name=".ctor" signature="(System.String)" line-rate="1" branch-rate="1" complexity="1">
              <lines>
                <line number="6" hits="33" branch="False" />
              </lines>
            </method>
            <method name=".ctor" signature="(System.String,System.Exception)" line-rate="0" branch-rate="1" complexity="1">
              <lines>
                <line number="7" hits="0" branch="False" />
              </lines>
            </method>
          </methods>
          <lines>
            <line number="6" hits="33" branch="False" />
            <line number="7" hits="0" branch="False" />
          </lines>
        </class>
        <class name="Svrn7.Core.Exceptions.InsufficientBalanceException" filename="Svrn7.Core\Exceptions.cs" line-rate="0.7142000000000001" branch-rate="1" complexity="3">
          <methods>
            <method name="get_AvailableGrana" signature="()" line-rate="0" branch-rate="1" complexity="1">
              <lines>
                <line number="13" hits="0" branch="False" />
              </lines>
            </method>
            <method name="get_RequiredGrana" signature="()" line-rate="0" branch-rate="1" complexity="1">
              <lines>
                <line number="14" hits="0" branch="False" />
              </lines>
            </method>
            <method name=".ctor" signature="(System.Int64,System.Int64)" line-rate="1" branch-rate="1" complexity="1">
              <lines>
                <line number="16" hits="1" branch="False" />
                <line number="17" hits="1" branch="False" />
[...]
            <line number="118" hits="13" branch="False" />
            <line number="119" hits="13" branch="False" />
            <line number="120" hits="12" branch="False" />
            <line number="121" hits="12" branch="False" />
            <line number="124" hits="7" branch="False" />
            <line number="125" hits="7" branch="False" />
            <line number="126" hits="7" branch="False" />
            <line number="127" hits="7" branch="False" />
            <line number="130" hits="0" branch="False" />
            <line number="131" hits="0" branch="False" />
            <line number="132" hits="0" branch="False" />
            <line number="133" hits="0" branch="False" />
            <line number="136" hits="0" branch="False" />
            <line number="137" hits="0" branch="False" />
            <line number="138" hits="0" branch="False" />
            <line number="139" hits="0" branch="False" />
            <line number="142" hits="11" branch="False" />
            <line number="143" hits="11" branch="False" />
            <line number="144" hits="11" branch="True" condition-coverage="100% (2/2)">
              <conditions>
                <condition number="132" type="jump" coverage="100%" />
              </conditions>
            </line>
            <line number="145" hits="11" branch="False" />
            <line number="148" hits="0" branch="False" />
            <line number="149" hits="0" branch="False" />
            <line number="150" hits="0" branch="True" condition-coverage="0% (0/2)">
              <conditions>
                <condition number="132" type="jump" coverage="0%" />
              </conditions>
            </line>
            <line number="151" hits="0" branch="False" />
            <line number="152" hits="0" branch="False" />
            <line number="153" hits="0" branch="False" />
            <line number="154" hits="0" branch="False" />
            <line number="155" hits="0" branch="False" />
            <line number="160" hits="37" branch="False" />
            <line number="161" hits="37" branch="False" />
            <line number="162" hits="37" branch="False" />
            <line number="163" hits="37" branch="False" />
            <line number="164" hits="37" branch="False" />
            <line number="168" hits="1" branch="False" />
            <line number="169" hits="1" branch="False" />
            <line number="170" hits="1" branch="False" />
            <line number="171" hits="1" branch="False" />
            <line number="172" hits="1" branch="False" />
            <line number="173" hits="1" branch="False" />
            <line number="174" hits="1" branch="False" />
            <line number="177" hits="47" branch="False" />
            <line number="178" hits="47" branch="False" />
            <line number="180" hits="47" branch="True" condition-coverage="100% (2/2)">
              <conditions>
                <condition number="139" type="jump" coverage="100%" />
              </conditions>
            </line>
            <line number="181" hits="29" branch="False" />
            <line number="183" hits="18" branch="True" condition-coverage="50% (1/2)">
              <conditions>
                <condition number="269" type="jump" coverage="50%" />
              </conditions>
            </line>
            <line number="184" hits="18" branch="False" />
            <line number="185" hits="47" branch="False" />
            <line number="190" hits="0" branch="False" />
            <line number="191" hits="0" branch="False" />
            <line number="192" hits="0" branch="False" />
            <line number="193" hits="0" branch="False" />
            <line number="194" hits="0" branch="False" />
            <line number="198" hits="0" branch="False" />
            <line number="199" hits="0" branch="False" />
            <line number="200" hits="0" branch="False" />
            <line number="201" hits="0" branch="False" />
            <line number="202" hits="0" branch="False" />
            <line number="206" hits="0" branch="False" />
            <line number="207" hits="0" branch="False" />
            <line number="208" hits="0" branch="False" />
            <line number="209" hits="0" branch="False" />
            <line number="210" hits="0" branch="False" />
            <line number="211" hits="0" branch="False" />
            <line number="212" hits="0" branch="False" />
            <line number="213" hits="0" branch="False" />
            <line number="218" hits="1" branch="False" />
            <line number="219" hits="1" branch="False" />
            <line number="220" hits="1" branch="False" />
            <line number="221" hits="1" branch="True" condition-coverage="50% (1/2)">
              <conditions>
                <condition number="134" type="jump" coverage="50%" />
              </conditions>
            </line>
            <line number="222" hits="1" branch="False" />
            <line number="223" hits="1" branch="False" />
            <line number="224" hits="1" branch="False" />
            <line number="225" hits="1" branch="False" />
            <line number="228" hits="0" branch="False" />
            <line number="229" hits="0" branch="False" />
            <line number="230" hits="0" branch="False" />
            <line number="231" hits="0" branch="False" />
            <line number="232" hits="0" branch="False" />
            <line number="233" hits="0" branch="False" />
            <line number="234" hits="0" branch="False" />
            <line number="235" hits="0" branch="False" />
            <line number="236" hits="0" branch="False" />
            <line number="87" hits="98" branch="False" />
          </lines>
        </class>
        <class name="Svrn7.Store.LiteTransferNonceStore" filename="Svrn7.Store\LiteStores.cs" line-rate="0" branch-rate="1" complexity="2">
          <methods>
            <method name="IsReplayAsync" signature="(System.String,System.TimeSpan,System.Threading.CancellationToken)" line-rate="0" branch-rate="1" complexity="1">
              <lines>
                <line number="261" hits="0" branch="False" />
                <line number="262" hits="0" branch="False" />
                <line number="264" hits="0" branch="False" />
                <line number="265" hits="0" branch="False" />
                <line number="266" hits="0" branch="False" />
                <line number="269" hits="0" branch="False" />
                <line number="272" hits="0" branch="False" />
                <line number="273" hits="0" branch="False" />
                <line number="274" hits="0" branch="False" />
                <line number="275" hits="0" branch="False" />
                <line number="276" hits="0" branch="False" />
                <line number="277" hits="0" branch="False" />
                <line number="280" hits="0" branch="False" />
                <line number="281" hits="0" branch="False" />
                <line number="282" hits="0" branch="False" />
                <line number="285" hits="0" branch="False" />
                <line number="286" hits="0" branch="False" />
                <line number="287" hits="0" branch="False" />
                <line number="289" hits="0" branch="False" />
              </lines>
            </method>
            <method name=".ctor" signature="(Svrn7.Store.Svrn7LiteContext)" line-rate="0" branch-rate="1" complexity="1">
              <lines>
                <line number="257" hits="0" branch="False" />
              </lines>
            </method>
          </methods>
          <lines>
            <line number="261" hits="0" branch="False" />
            <line number="262" hits="0" branch="False" />
            <line number="264" hits="0" branch="False" />
            <line number="265" hits="0" branch="False" />
            <line number="266" hits="0" branch="False" />
            <line number="269" hits="0" branch="False" />
            <line number="272" hits="0" branch="False" />
            <line number="273" hits="0" branch="False" />
            <line number="274" hits="0" branch="False" />
            <line number="275" hits="0" branch="False" />
            <line number="276" hits="0" branch="False" />
            <line number="277" hits="0" branch="False" />
            <line number="280" hits="0" branch="False" />
            <line number="281" hits="0" branch="False" />
            <line number="282" hits="0" branch="False" />
            <line number="285" hits="0" branch="False" />
            <line number="286" hits="0" branch="False" />
            <line number="287" hits="0" branch="False" />
            <line number="289" hits="0" branch="False" />
            <line number="257" hits="0" branch="False" />
          </lines>
        </class>
        <class name="Svrn7.Store.Svrn7LiteContext" filename="Svrn7.Store\Svrn7LiteContext.cs" line-rate="0.9152" branch-rate="0.75" complexity="20">
          <methods>
            <method name="get_Database" signature="()" line-rate="0" branch-rate="1" complexity="1">
              <lines>
                <line number="40" hits="0" branch="False" />
              </lines>
            </method>
            <method name="BuildMapper" signature="()" line-rate="1" branch-rate="1" complexity="1">
              <lines>
                <line number="43" hits="45" branch="False" />
                <line number="44" hits="45" branch="False" />
                <line number="45" hits="45" branch="False" />
                <line number="46" hits="45" branch="False" />
                <line number="47" hits="45" branch="False" />
                <line number="48" hits="45" branch="False" />
                <line number="49" hits="45" branch="False" />
                <line number="50" hits="45" branch="False" />
                <line number="51" hits="45" branch="False" />
                <line number="52" hits="45" branch="False" />
                <line number="53" hits="45" branch="False" />
                <line number="54" hits="45" branch="False" />
                <line number="55" hits="45" branch="False" />
                <line number="56" hits="45" branch="False" />
              </lines>
            </method>
            <method name="EnsureIndexes" signature="()" line-rate="1" branch-rate="1" complexity="1">
              <lines>
                <line number="59" hits="45" branch="False" />
                <line number="60" hits="45" branch="False" />
                <line number="61" hits="45" branch="False" />
                <line number="62" hits="45" branch="False" />
                <line number="63" hits="45" branch="False" />
                <line number="64" hits="45" branch="False" />
                <line number="65" hits="45" branch="False" />
                <line number="66" hits="45" branch="False" />
                <line number="67" hits="45" branch="False" />
                <line number="68" hits="45" branch="False" />
                <line number="69" hits="45" branch="False" />
                <line number="70" hits="45" branch="False" />
                <line number="71" hits="45" branch="False" />
                <line number="72" hits="45" branch="False" />
                <line number="73" hits="45" branch="False" />
              </lines>
            </method>
            <method name="get_Wallets" signature="()" line-rate="1" branch-rate="1" complexity="1">
              <lines>
                <line number="75" hits="44" branch="False" />
              </lines>
            </method>
            <method name="get_Utxos" signature="()" line-rate="1" branch-rate="1" complexity="1">
              <lines>
                <line number="76" hits="75" branch="False" />
              </lines>
            </method>
            <method name="get_Citizens" signature="()" line-rate="1" branch-rate="1" complexity="1">
              <lines>
                <line number="77" hits="114" branch="False" />
              </lines>
            </method>
            <method name="get_CitizenDids" signature="()" line-rate="1" branch-rate="1" complexity="1">
              <lines>
                <line number="78" hits="80" branch="False" />
              </lines>
            </method>
            <method name="get_Societies" signature="()" line-rate="1" branch-rate="1" complexity="1">
              <lines>
                <line number="79" hits="31" branch="False" />
              </lines>
            </method>
            <method name="get_Memberships" signature="()" line-rate="0" branch-rate="1" complexity="1">
              <lines>
                <line number="80" hits="0" branch="False" />
              </lines>
            </method>
            <method name="get_Overdrafts" signature="()" line-rate="0" branch-rate="1" complexity="1">
              <lines>
                <line number="81" hits="0" branch="False" />
              </lines>
            </method>
            <method name="get_LogEntries" signature="()" line-rate="1" branch-rate="1" complexity="1">
              <lines>
                <line number="82" hits="58" branch="False" />
              </lines>
            </method>
            <method name="get_TreeNodes" signature="()" line-rate="0" branch-rate="1" complexity="1">
              <lines>
                <line number="83" hits="0" branch="False" />
              </lines>
            </method>
            <method name="get_TreeHeads" signature="()" line-rate="1" branch-rate="1" complexity="1">
              <lines>
                <line number="84" hits="1" branch="False" />
              </lines>
            </method>
            <method name="get_Nonces" signature="()" line-rate="0" branch-rate="1" complexity="1">
              <lines>
                <line number="85" hits="0" branch="False" />
              </lines>
            </method>
            <method name="Col" signature="(System.String)" line-rate="1" branch-rate="1" complexity="1">
              <lines>
                <line number="88" hits="403" branch="False" />
                <line number="89" hits="403" branch="False" />
                <line number="90" hits="403" branch="False" />
                <line number="91" hits="403" branch="False" />
              </lines>
            </method>
            <method name="ThrowIfDisposed" signature="()" line-rate="1" branch-rate="0.5" complexity="2">
              <lines>
                <line number="94" hits="448" branch="False" />
                <line number="95" hits="448" branch="True" condition-coverage="50% (1/2)">
                  <conditions>
                    <condition number="9" type="jump" coverage="50%" />
                  </conditions>
                </line>
                <line number="96" hits="448" branch="False" />
              </lines>
            </method>
            <method name="Dispose" signature="()" line-rate="1" branch-rate="1" complexity="2">
              <lines>
                <line number="99" hits="45" branch="False" />
                <line number="100" hits="45" branch="True" condition-coverage="100% (2/2)">
                  <conditions>
                    <condition number="9" type="jump" coverage="100%" />
                  </conditions>
                </line>
                <line number="101" hits="45" branch="False" />
                <line number="102" hits="45" branch="False" />
                <line number="103" hits="45" branch="False" />
              </lines>
            </method>
            <method name=".ctor" signature="(System.String)" line-rate="1" branch-rate="1" complexity="1">
              <lines>
                <line number="29" hits="45" branch="False" />
                <line number="30" hits="45" branch="False" />
                <line number="31" hits="45" branch="False" />
                <line number="32" hits="45" branch="False" />
                <line number="33" hits="45" branch="False" />
                <line number="34" hits="45" branch="False" />
              </lines>
            </method>
          </methods>
          <lines>
            <line number="40" hits="0" branch="False" />
            <line number="43" hits="45" branch="False" />
            <line number="44" hits="45" branch="False" />
            <line number="45" hits="45" branch="False" />
            <line number="46" hits="45" branch="False" />
            <line number="47" hits="45" branch="False" />
            <line number="48" hits="45" branch="False" />
            <line number="49" hits="45" branch="False" />
            <line number="50" hits="45" branch="False" />
            <line number="51" hits="45" branch="False" />
            <line number="52" hits="45" branch="False" />
            <line number="53" hits="45" branch="False" />
            <line number="54" hits="45" branch="False" />
            <line number="55" hits="45" branch="False" />
            <line number="56" hits="45" branch="False" />
            <line number="59" hits="45" branch="False" />
            <line number="60" hits="45" branch="False" />
            <line number="61" hits="45" branch="False" />
            <line number="62" hits="45" branch="False" />
            <line number="63" hits="45" branch="False" />
            <line number="64" hits="45" branch="False" />
            <line number="65" hits="45" branch="False" />
            <line number="66" hits="45" branch="False" />
            <line number="67" hits="45" branch="False" />
            <line number="68" hits="45" branch="False" />
            <line number="69" hits="45" branch="False" />
            <line number="70" hits="45" branch="False" />
            <line number="71" hits="45" branch="False" />
            <line number="72" hits="45" branch="False" />
            <line number="73" hits="45" branch="False" />
            <line number="75" hits="44" branch="False" />
            <line number="76" hits="75" branch="False" />
            <line number="77" hits="114" branch="False" />
            <line number="78" hits="80" branch="False" />
            <line number="79" hits="31" branch="False" />
            <line number="80" hits="0" branch="False" />
            <line number="81" hits="0" branch="False" />
            <line number="82" hits="58" branch="False" />
            <line number="83" hits="0" branch="False" />
            <line number="84" hits="1" branch="False" />
            <line number="85" hits="0" branch="False" />
            <line number="88" hits="403" branch="False" />
            <line number="89" hits="403" branch="False" />
            <line number="90" hits="403" branch="False" />
            <line number="91" hits="403" branch="False" />
            <line number="94" hits="448" branch="False" />
            <line number="95" hits="448" branch="True" condition-coverage="50% (1/2)">
              <conditions>
                <condition number="9" type="jump" coverage="50%" />
              </conditions>
            </line>
            <line number="96" hits="448" branch="False" />
            <line number="99" hits="45" branch="False" />
            <line number="100" hits="45" branch="True" condition-coverage="100% (2/2)">
              <conditions>
                <condition number="9" type="jump" coverage="100%" />
              </conditions>
            </line>
            <line number="101" hits="45" branch="False" />
            <line number="102" hits="45" branch="False" />
            <line number="103" hits="45" branch="False" />
            <line number="29" hits="45" branch="False" />
            <line number="30" hits="45" branch="False" />
            <line number="31" hits="45" branch="False" />
            <line number="32" hits="45" branch="False" />
            <line number="33" hits="45" branch="False" />
            <line number="34" hits="45" branch="False" />
          </lines>
        </class>
      </classes>
    </package>
  </packages>
</coverage>